0 info it worked if it ends with ok
1 verbose cli [ 'C:\\Program Files\\nodejs\\\\node.exe',
1 verbose cli   'C:\\Program Files\\nodejs\\node_modules\\npm\\bin\\npm-cli.js',
1 verbose cli   'install',
1 verbose cli   '-',
1 verbose cli   'bower' ]
2 info using npm@2.5.1
3 info using node@v0.12.0
4 verbose node symlink C:\Program Files\nodejs\\node.exe
5 warn package.json myapp@1.0.0 No repository field.
6 warn package.json myapp@1.0.0 No README data
7 silly cache add args [ '-', null ]
8 verbose cache add spec -
9 silly cache add args [ 'bower', null ]
10 verbose cache add spec bower
11 silly cache add parsed spec { raw: '-',
11 silly cache add   scope: null,
11 silly cache add   name: null,
11 silly cache add   rawSpec: '-',
11 silly cache add   spec: 'C:\\Users\\bbickerton\\myApp\\www\\-',
11 silly cache add   type: 'local' }
12 silly cache add parsed spec { raw: 'bower',
12 silly cache add   scope: null,
12 silly cache add   name: 'bower',
12 silly cache add   rawSpec: '',
12 silly cache add   spec: '*',
12 silly cache add   type: 'range' }
13 verbose addNamed bower@*
14 silly addNamed semver.valid null
15 silly addNamed semver.validRange *
16 silly addNameRange { name: 'bower', range: '*', hasData: false }
17 silly mapToRegistry name bower
18 silly mapToRegistry using default registry
19 silly mapToRegistry registry https://registry.npmjs.org/
20 silly mapToRegistry uri https://registry.npmjs.org/bower
21 verbose addNameRange registry:https://registry.npmjs.org/bower not in flight; fetching
22 error addLocal Could not install C:\Users\bbickerton\myApp\www\-
23 verbose request uri https://registry.npmjs.org/bower
24 verbose request no auth needed
25 info attempt registry request try #1 at 2:16:21 PM
26 verbose request id e2983c5427306dbb
27 http request GET https://registry.npmjs.org/bower
28 http 200 https://registry.npmjs.org/bower
29 silly get cb [ 200,
29 silly get   { date: 'Tue, 10 Mar 2015 18:16:20 GMT',
29 silly get     server: 'CouchDB/1.5.0 (Erlang OTP/R16B03)',
29 silly get     etag: '"2EU0CJK6M11Y2NPCMASEP9VCN"',
29 silly get     'content-type': 'application/json',
29 silly get     'cache-control': 'max-age=60',
29 silly get     'content-length': '106596',
29 silly get     'accept-ranges': 'bytes',
29 silly get     via: '1.1 varnish',
29 silly get     age: '9',
29 silly get     'x-served-by': 'cache-ord1727-ORD',
29 silly get     'x-cache': 'HIT',
29 silly get     'x-cache-hits': '1',
29 silly get     'x-timer': 'S1426011380.552331,VS0,VE0',
29 silly get     vary: 'Accept',
29 silly get     'keep-alive': 'timeout=10, max=50',
29 silly get     connection: 'Keep-Alive' } ]
30 verbose get saving bower to C:\Users\bbickerton\AppData\Roaming\npm-cache\registry.npmjs.org\bower\.cache.json
31 silly addNameRange number 2 { name: 'bower', range: '*', hasData: true }
32 silly addNameRange versions [ 'bower',
32 silly addNameRange   [ '0.1.0',
32 silly addNameRange     '0.1.2',
32 silly addNameRange     '0.1.3',
32 silly addNameRange     '0.2.0',
32 silly addNameRange     '0.3.0',
32 silly addNameRange     '0.3.1',
32 silly addNameRange     '0.3.2',
32 silly addNameRange     '0.4.0',
32 silly addNameRange     '0.5.0',
32 silly addNameRange     '0.5.1',
32 silly addNameRange     '0.6.0',
32 silly addNameRange     '0.6.1',
32 silly addNameRange     '0.6.2',
32 silly addNameRange     '0.6.3',
32 silly addNameRange     '0.6.4',
32 silly addNameRange     '0.6.5',
32 silly addNameRange     '0.6.6',
32 silly addNameRange     '0.6.7',
32 silly addNameRange     '0.6.8',
32 silly addNameRange     '0.7.0',
32 silly addNameRange     '0.7.1',
32 silly addNameRange     '0.8.0',
32 silly addNameRange     '0.8.1',
32 silly addNameRange     '0.8.2',
32 silly addNameRange     '0.8.3',
32 silly addNameRange     '0.8.4',
32 silly addNameRange     '0.8.5',
32 silly addNameRange     '0.8.6',
32 silly addNameRange     '0.9.0',
32 silly addNameRange     '0.9.1',
32 silly addNameRange     '0.9.2',
32 silly addNameRange     '0.10.0',
32 silly addNameRange     '1.0.0',
32 silly addNameRange     '1.0.1',
32 silly addNameRange     '1.0.2',
32 silly addNameRange     '1.0.3',
32 silly addNameRange     '1.1.0',
32 silly addNameRange     '1.1.1',
32 silly addNameRange     '1.1.2',
32 silly addNameRange     '1.2.0',
32 silly addNameRange     '1.2.1',
32 silly addNameRange     '1.2.2',
32 silly addNameRange     '1.2.3',
32 silly addNameRange     '1.2.4',
32 silly addNameRange     '1.2.5',
32 silly addNameRange     '1.2.6',
32 silly addNameRange     '1.2.7',
32 silly addNameRange     '1.2.8',
32 silly addNameRange     '1.3.0',
32 silly addNameRange     '1.3.1',
32 silly addNameRange     '1.3.2',
32 silly addNameRange     '1.3.3',
32 silly addNameRange     '1.3.4',
32 silly addNameRange     '1.3.5',
32 silly addNameRange     '1.3.6',
32 silly addNameRange     '1.3.7',
32 silly addNameRange     '1.3.8',
32 silly addNameRange     '1.3.9',
32 silly addNameRange     '1.3.10',
32 silly addNameRange     '1.3.11',
32 silly addNameRange     '1.3.12' ] ]
33 verbose addNamed bower@1.3.12
34 silly addNamed semver.valid 1.3.12
35 silly addNamed semver.validRange 1.3.12
36 silly mapToRegistry name bower
37 silly mapToRegistry using default registry
38 silly mapToRegistry registry https://registry.npmjs.org/
39 silly mapToRegistry uri https://registry.npmjs.org/bower
40 verbose addRemoteTarball https://registry.npmjs.org/bower/-/bower-1.3.12.tgz not in flight; adding
41 verbose addRemoteTarball [ 'https://registry.npmjs.org/bower/-/bower-1.3.12.tgz',
41 verbose addRemoteTarball   '37de0edb3904baf90aee13384a1a379a05ee214c' ]
42 info retry fetch attempt 1 at 2:16:21 PM
43 info attempt registry request try #1 at 2:16:21 PM
44 http fetch GET https://registry.npmjs.org/bower/-/bower-1.3.12.tgz
45 http fetch 200 https://registry.npmjs.org/bower/-/bower-1.3.12.tgz
46 silly fetchAndShaCheck shasum 37de0edb3904baf90aee13384a1a379a05ee214c
47 verbose addTmpTarball C:\Users\BBICKE~1\AppData\Local\Temp\npm-10652-51952e14\registry.npmjs.org\bower\-\bower-1.3.12.tgz not in flight; adding
48 verbose addTmpTarball already have metadata; skipping unpack for bower@1.3.12
49 silly cache afterAdd bower@1.3.12
50 verbose afterAdd C:\Users\bbickerton\AppData\Roaming\npm-cache\bower\1.3.12\package\package.json not in flight; writing
51 verbose afterAdd C:\Users\bbickerton\AppData\Roaming\npm-cache\bower\1.3.12\package\package.json written
52 verbose stack Error: ENOENT, open 'C:\Users\bbickerton\myApp\www\-'
52 verbose stack     at Error (native)
53 verbose cwd C:\Users\bbickerton\myApp\www
54 error Windows_NT 6.1.7601
55 error argv "C:\\Program Files\\nodejs\\\\node.exe" "C:\\Program Files\\nodejs\\node_modules\\npm\\bin\\npm-cli.js" "install" "-" "bower"
56 error node v0.12.0
57 error npm  v2.5.1
58 error path C:\Users\bbickerton\myApp\www\-
59 error code ENOENT
60 error errno -4058
61 error enoent ENOENT, open 'C:\Users\bbickerton\myApp\www\-'
61 error enoent This is most likely not a problem with npm itself
61 error enoent and is related to npm not being able to find a file.
62 verbose exit [ -4058, true ]
